======================================================================
  任务 1：日期标准化 → YYYY-MM-DD
  正则: \d{4}-\d{2}-\d{2}
======================================================================

输入                                 裸 prompt                 guided_regex   
---------------------------------------------------------------------------
2024年5月12日                         ✓ 2024-05-12            ✓ 2024-05-12
2023/12/1 下午开会                     ✗ 2023-12-01 15:00:00   ✓ 2023-12-01
三月三号我去北京                           ✗ 03-03                 ✓ 0331-00-00
2024.11.30 是截止日期                   ✓ 2024-11-30            ✓ 2024-11-30
明天（假设今天是2026-05-11）                ✓ 2026-05-13            ✓ 2026-05-13
2024 年 10 月的第一天                    ✗ 01-01-2024            ✓ 0109-01-01
---------------------------------------------------------------------------
格式合法率：裸 prompt 3/6 (50%)  |  guided_regex 6/6 (100%)

======================================================================
  任务 2：A 股代码抽取 → 6 位数字
  正则: \d{6}
======================================================================

输入                                 裸 prompt                 guided_regex   
---------------------------------------------------------------------------
帮我查 600000 浦发银行                    ✓ 600300                ✓ 600300
code: 000001 平安银行                  ✓ 000001                ✓ 000001
茅台的代码是 600519                      ✓ 600519                ✓ 600519
六零零五一九                             ✓ 600595                ✓ 600595
股票代码：300750（宁德时代）                  ✓ 300750                ✓ 300750
---------------------------------------------------------------------------
格式合法率：裸 prompt 5/5 (100%)  |  guided_regex 5/5 (100%)

======================================================================
  结论：guided_regex 保证下游解析器永远能拿到合法输入
       特别适合日期/电话/代码/邮编等有严格格式的字段
======================================================================
