============================================================
Q1：先查一下哈尔滨现在的天气，如果气温低于10度，就再帮我查一下三亚的天气，我要决定去哪避寒；如果哈尔滨不冷就不用查三亚了。
============================================================
  第 1 轮：模型要求调用 1 个工具
    → get_weather({'city': '哈尔滨'})
    ↩ 天气数据获取失败：_ssl.c:1015: The handshake operation timed out...
  第 2 轮：模型要求调用 1 个工具
    → get_weather({'city': '哈尔滨'})
    ↩ 【中国 黑龙江 哈尔滨】天气报告 坐标：45.75°N, 126.65°E  当前天气：晴天   温度：25.7°C   相对湿度：54%   风速：10.0 ...

共循环 3 轮，累计工具调用 2 次
最终回答：
哈尔滨当前气温为 **25.7°C**，远高于10度，天气非常暖和 ☀️，所以完全不需要查三亚的天气啦！

**哈尔滨天气小结：**
- 🕐 当前：晴天，25.7°C
- 🌡️ 未来三天最高温在28~31°C之间，最低温也在19~21°C

目前哈尔滨的气温很舒适，不冷，完全适合避寒——不过现在是7月，本身就是夏天😄。您是想去避暑还是避寒呢？如果您的计划是找更温暖的地方，哈尔滨已经很暖和了，无需再查三亚哦！

============================================================
Q2：北京、上海、宁德这三个城市今天天气怎么样？
============================================================
  第 1 轮：模型要求调用 3 个工具
    → get_weather({'city': '北京'})
    ↩ 【中国 北京市 北京】天气报告 坐标：39.91°N, 116.40°E  当前天气：大致晴朗   温度：27.7°C   相对湿度：62%   风速：12.5...
    → get_weather({'city': '上海'})
    ↩ 【中国 上海市 上海】天气报告 坐标：31.22°N, 121.46°E  当前天气：大致晴朗   温度：36.7°C   相对湿度：44%   风速：9.5 ...
    → get_weather({'city': '宁德'})
    ↩ 【中国 福建省 宁德市】天气报告 坐标：26.66°N, 119.52°E  当前天气：大致晴朗   温度：33.6°C   相对湿度：59%   风速：9.0...

共循环 2 轮，累计工具调用 3 次
最终回答：
以下是今天（7月17日）三个城市的天气情况：

---

### 🌤 北京
- **当前天气**：大致晴朗，**27.7°C**
- **体感**：较为舒适，湿度62%
- **今日预报**：阴天，**31.4°C / 24.0°C**，无降水

### 🌤 上海
- **当前天气**：大致晴朗，**36.7°C**
- **体感**：炎热，湿度44%
- **今日预报**：小毛毛雨，**38.7°C / 31.3°C**，降水0.9mm，比较闷热

### 🌤 宁德
- **当前天气**：大致晴朗，**33.6°C**
- **体感**：较热，湿度59%
- **今日预报**：中毛毛雨，**36.7°C / 26.9°C**，降水1.2mm，有雨注意带伞

---

**简要总结：**
- 北京最凉快，今日无雨 ✅
- 上海最热，体感接近39°C 🔥
- 宁德也有雨，且温度较高 🌧️

如果需要未来几天的详细预报，也可以再问我哦！

